#
# There is insufficient memory for the Java Runtime Environment to continue.
# Native memory allocation (malloc) failed to allocate 366256 bytes for Chunk::new
# Possible reasons:
#   The system is out of physical RAM or swap space
#   The process is running with CompressedOops enabled, and the Java Heap may be blocking the growth of the native heap
# Possible solutions:
#   Reduce memory load on the system
#   Increase physical memory or swap space
#   Check if swap backing store is full
#   Decrease Java heap size (-Xmx/-Xms)
#   Decrease number of Java threads
#   Decrease Java thread stack sizes (-Xss)
#   Set larger code cache with -XX:ReservedCodeCacheSize=
#   JVM is running with Unscaled Compressed Oops mode in which the Java heap is
#     placed in the first 4GB address space. The Java Heap base address is the
#     maximum limit for the native heap growth. Please use -XX:HeapBaseMinAddress
#     to set the Java Heap base and to place the Java Heap above 4GB virtual address.
# This output file may be truncated or incomplete.
#
#  Out of Memory Error (./open/src/hotspot/share/memory/arena.cpp:195), pid=49696, tid=42708
#
# JRE version: Java(TM) SE Runtime Environment (15.0.2+7) (build 15.0.2+7-27)
# Java VM: Java HotSpot(TM) 64-Bit Server VM (15.0.2+7-27, mixed mode, sharing, tiered, compressed oops, g1 gc, windows-amd64)
# No core dump will be written. Minidumps are not enabled by default on client versions of Windows
#

---------------  S U M M A R Y ------------

Command Line: -Dfile.encoding=UTF-8 -Dclojure.compile.path=C:\Users\52555\my-bank-app/target/classes -Dleiningen.original.pwd=C:\Users\52555\my-bank-app clojure.main -m leiningen.core.main run

Host: AMD Ryzen 5 3550H with Radeon Vega Mobile Gfx  , 8 cores, 7G,  Windows 10 , 64 bit Build 19041 (10.0.19041.928)
Time: Fri Jun 11 03:29:57 2021 Hora de verano central (México) elapsed time: 0.440983 seconds (0d 0h 0m 0s)

---------------  T H R E A D  ---------------

Current thread (0x000001f7db38b640):  JavaThread "C2 CompilerThread1" daemon [_thread_in_native, id=42708, stack(0x000000418c700000,0x000000418c800000)]


Current CompileTask:
C2:    441  746       4       clojure.lang.PersistentHashMap$BitmapIndexedNode::assoc (552 bytes)

Stack: [0x000000418c700000,0x000000418c800000]
Native frames: (J=compiled Java code, j=interpreted, Vv=VM code, C=native code)
V  [jvm.dll+0x62ae9a]
V  [jvm.dll+0x7817a9]
V  [jvm.dll+0x782f03]
V  [jvm.dll+0x783563]
V  [jvm.dll+0x216325]
V  [jvm.dll+0x97f3a]
V  [jvm.dll+0x9861c]
V  [jvm.dll+0x32e2a8]
V  [jvm.dll+0x2f768a]
V  [jvm.dll+0x2f6a4a]
V  [jvm.dll+0x1ea705]
V  [jvm.dll+0x1e996e]
V  [jvm.dll+0x178567]
V  [jvm.dll+0x1f9225]
V  [jvm.dll+0x1f72cc]
V  [jvm.dll+0x74495d]
V  [jvm.dll+0x73d75a]
V  [jvm.dll+0x629c56]
C  [ucrtbase.dll+0x21bb2]
C  [KERNEL32.DLL+0x17034]
C  [ntdll.dll+0x52651]


---------------  P R O C E S S  ---------------

Threads class SMR info:
_java_thread_list=0x000001f7db38bea0, length=12, elements={
0x000001f7bbf12b00, 0x000001f7da8ff810, 0x000001f7da900b80, 0x000001f7da91c100,
0x000001f7da91ebc0, 0x000001f7da91fe10, 0x000001f7da925eb0, 0x000001f7da929100,
0x000001f7da93aa50, 0x000001f7db372940, 0x000001f7db388010, 0x000001f7db38b640
}

Java Threads: ( => current thread )
  0x000001f7bbf12b00 JavaThread "main" [_thread_in_vm, id=28808, stack(0x000000418b500000,0x000000418b600000)]
  0x000001f7da8ff810 JavaThread "Reference Handler" daemon [_thread_blocked, id=51000, stack(0x000000418bc00000,0x000000418bd00000)]
  0x000001f7da900b80 JavaThread "Finalizer" daemon [_thread_blocked, id=52960, stack(0x000000418bd00000,0x000000418be00000)]
  0x000001f7da91c100 JavaThread "Signal Dispatcher" daemon [_thread_blocked, id=20212, stack(0x000000418be00000,0x000000418bf00000)]
  0x000001f7da91ebc0 JavaThread "Attach Listener" daemon [_thread_blocked, id=47500, stack(0x000000418bf00000,0x000000418c000000)]
  0x000001f7da91fe10 JavaThread "Service Thread" daemon [_thread_blocked, id=47456, stack(0x000000418c000000,0x000000418c100000)]
  0x000001f7da925eb0 JavaThread "C2 CompilerThread0" daemon [_thread_in_native, id=32972, stack(0x000000418c100000,0x000000418c200000)]
  0x000001f7da929100 JavaThread "C1 CompilerThread0" daemon [_thread_blocked, id=43044, stack(0x000000418c200000,0x000000418c300000)]
  0x000001f7da93aa50 JavaThread "Sweeper thread" daemon [_thread_blocked, id=29908, stack(0x000000418c300000,0x000000418c400000)]
  0x000001f7db372940 JavaThread "Notification Thread" daemon [_thread_blocked, id=23768, stack(0x000000418c400000,0x000000418c500000)]
  0x000001f7db388010 JavaThread "Common-Cleaner" daemon [_thread_blocked, id=44952, stack(0x000000418c600000,0x000000418c700000)]
=>0x000001f7db38b640 JavaThread "C2 CompilerThread1" daemon [_thread_in_native, id=42708, stack(0x000000418c700000,0x000000418c800000)]

Other Threads:
  0x000001f7da8fb7e0 VMThread "VM Thread" [stack: 0x000000418bb00000,0x000000418bc00000] [id=49472]
  0x000001f7db372e10 WatcherThread [stack: 0x000000418c500000,0x000000418c600000] [id=52628]
  0x000001f7bbf4fd20 GCTaskThread "GC Thread#0" [stack: 0x000000418b600000,0x000000418b700000] [id=46696]
  0x000001f7bbf618c0 ConcurrentGCThread "G1 Main Marker" [stack: 0x000000418b700000,0x000000418b800000] [id=20576]
  0x000001f7bbf62c50 ConcurrentGCThread "G1 Conc#0" [stack: 0x000000418b800000,0x000000418b900000] [id=52260]
  0x000001f7bbfebe80 ConcurrentGCThread "G1 Refine#0" [stack: 0x000000418b900000,0x000000418ba00000] [id=43284]
  0x000001f7bbfeca80 ConcurrentGCThread "G1 Young RemSet Sampling" [stack: 0x000000418ba00000,0x000000418bb00000] [id=25984]

Threads with active compile tasks:
C2 CompilerThread1      463  746       4       clojure.lang.PersistentHashMap$BitmapIndexedNode::assoc (552 bytes)

VM state: not at safepoint (normal execution)

VM Mutex/Monitor currently owned by a thread: None

Heap address: 0x0000000082e00000, size: 2002 MB, Compressed Oops mode: 32-bit
CDS archive(s) mapped at: [0x0000000800000000-0x0000000800b50000-0x0000000800b50000), size 11862016, SharedBaseAddress: 0x0000000800000000, ArchiveRelocationMode: 0.
Compressed class space mapped at: 0x0000000800b50000-0x0000000840b50000, size: 1073741824
Narrow klass base: 0x0000000800000000, Narrow klass shift: 3, Narrow klass range: 0x100000000

GC Precious Log:
 CPUs: 8 total, 8 available
 Memory: 8001M
 Large Page Support: Disabled
 NUMA Support: Disabled
 Compressed Oops: Enabled (32-bit)
 Heap Region Size: 1M
 Heap Min Capacity: 8M
 Heap Initial Capacity: 126M
 Heap Max Capacity: 2002M
 Pre-touch: Disabled
 Parallel Workers: 8
 Concurrent Workers: 2
 Concurrent Refinement Workers: 8
 Periodic GC: Disabled

Heap:
 garbage-first heap   total 129024K, used 16384K [0x0000000082e00000, 0x0000000100000000)
  region size 1024K, 17 young (17408K), 0 survivors (0K)
 Metaspace       used 6535K, capacity 9849K, committed 10240K, reserved 1058816K
  class space    used 1362K, capacity 1675K, committed 1792K, reserved 1048576K

Heap Regions: E=young(eden), S=young(survivor), O=old, HS=humongous(starts), HC=humongous(continues), CS=collection set, F=free, OA=open archive, CA=closed archive, TAMS=top-at-mark-start (previous, next)
|   0|0x0000000082e00000, 0x0000000082f00000, 0x0000000082f00000|100%|HS|  |TAMS 0x0000000082e00000, 0x0000000082e00000| Complete 
|   1|0x0000000082f00000, 0x0000000082f00000, 0x0000000083000000|  0%| F|  |TAMS 0x0000000082f00000, 0x0000000082f00000| Untracked 
|   2|0x0000000083000000, 0x0000000083000000, 0x0000000083100000|  0%| F|  |TAMS 0x0000000083000000, 0x0000000083000000| Untracked 
|   3|0x0000000083100000, 0x0000000083100000, 0x0000000083200000|  0%| F|  |TAMS 0x0000000083100000, 0x0000000083100000| Untracked 
|   4|0x0000000083200000, 0x0000000083200000, 0x0000000083300000|  0%| F|  |TAMS 0x0000000083200000, 0x0000000083200000| Untracked 
|   5|0x0000000083300000, 0x0000000083300000, 0x0000000083400000|  0%| F|  |TAMS 0x0000000083300000, 0x0000000083300000| Untracked 
|   6|0x0000000083400000, 0x0000000083400000, 0x0000000083500000|  0%| F|  |TAMS 0x0000000083400000, 0x0000000083400000| Untracked 
|   7|0x0000000083500000, 0x0000000083500000, 0x0000000083600000|  0%| F|  |TAMS 0x0000000083500000, 0x0000000083500000| Untracked 
|   8|0x0000000083600000, 0x0000000083600000, 0x0000000083700000|  0%| F|  |TAMS 0x0000000083600000, 0x0000000083600000| Untracked 
|   9|0x0000000083700000, 0x0000000083700000, 0x0000000083800000|  0%| F|  |TAMS 0x0000000083700000, 0x0000000083700000| Untracked 
|  10|0x0000000083800000, 0x0000000083800000, 0x0000000083900000|  0%| F|  |TAMS 0x0000000083800000, 0x0000000083800000| Untracked 
|  11|0x0000000083900000, 0x0000000083900000, 0x0000000083a00000|  0%| F|  |TAMS 0x0000000083900000, 0x0000000083900000| Untracked 
|  12|0x0000000083a00000, 0x0000000083a00000, 0x0000000083b00000|  0%| F|  |TAMS 0x0000000083a00000, 0x0000000083a00000| Untracked 
|  13|0x0000000083b00000, 0x0000000083b00000, 0x0000000083c00000|  0%| F|  |TAMS 0x0000000083b00000, 0x0000000083b00000| Untracked 
|  14|0x0000000083c00000, 0x0000000083c00000, 0x0000000083d00000|  0%| F|  |TAMS 0x0000000083c00000, 0x0000000083c00000| Untracked 
|  15|0x0000000083d00000, 0x0000000083d00000, 0x0000000083e00000|  0%| F|  |TAMS 0x0000000083d00000, 0x0000000083d00000| Untracked 
|  16|0x0000000083e00000, 0x0000000083e00000, 0x0000000083f00000|  0%| F|  |TAMS 0x0000000083e00000, 0x0000000083e00000| Untracked 
|  17|0x0000000083f00000, 0x0000000083f00000, 0x0000000084000000|  0%| F|  |TAMS 0x0000000083f00000, 0x0000000083f00000| Untracked 
|  18|0x0000000084000000, 0x0000000084000000, 0x0000000084100000|  0%| F|  |TAMS 0x0000000084000000, 0x0000000084000000| Untracked 
|  19|0x0000000084100000, 0x0000000084100000, 0x0000000084200000|  0%| F|  |TAMS 0x0000000084100000, 0x0000000084100000| Untracked 
|  20|0x0000000084200000, 0x0000000084200000, 0x0000000084300000|  0%| F|  |TAMS 0x0000000084200000, 0x0000000084200000| Untracked 
|  21|0x0000000084300000, 0x0000000084300000, 0x0000000084400000|  0%| F|  |TAMS 0x0000000084300000, 0x0000000084300000| Untracked 
|  22|0x0000000084400000, 0x0000000084400000, 0x0000000084500000|  0%| F|  |TAMS 0x0000000084400000, 0x0000000084400000| Untracked 
|  23|0x0000000084500000, 0x0000000084500000, 0x0000000084600000|  0%| F|  |TAMS 0x0000000084500000, 0x0000000084500000| Untracked 
|  24|0x0000000084600000, 0x0000000084600000, 0x0000000084700000|  0%| F|  |TAMS 0x0000000084600000, 0x0000000084600000| Untracked 
|  25|0x0000000084700000, 0x0000000084700000, 0x0000000084800000|  0%| F|  |TAMS 0x0000000084700000, 0x0000000084700000| Untracked 
|  26|0x0000000084800000, 0x0000000084800000, 0x0000000084900000|  0%| F|  |TAMS 0x0000000084800000, 0x0000000084800000| Untracked 
|  27|0x0000000084900000, 0x0000000084900000, 0x0000000084a00000|  0%| F|  |TAMS 0x0000000084900000, 0x0000000084900000| Untracked 
|  28|0x0000000084a00000, 0x0000000084a00000, 0x0000000084b00000|  0%| F|  |TAMS 0x0000000084a00000, 0x0000000084a00000| Untracked 
|  29|0x0000000084b00000, 0x0000000084b00000, 0x0000000084c00000|  0%| F|  |TAMS 0x0000000084b00000, 0x0000000084b00000| Untracked 
|  30|0x0000000084c00000, 0x0000000084c00000, 0x0000000084d00000|  0%| F|  |TAMS 0x0000000084c00000, 0x0000000084c00000| Untracked 
|  31|0x0000000084d00000, 0x0000000084d00000, 0x0000000084e00000|  0%| F|  |TAMS 0x0000000084d00000, 0x0000000084d00000| Untracked 
|  32|0x0000000084e00000, 0x0000000084e00000, 0x0000000084f00000|  0%| F|  |TAMS 0x0000000084e00000, 0x0000000084e00000| Untracked 
|  33|0x0000000084f00000, 0x0000000084f00000, 0x0000000085000000|  0%| F|  |TAMS 0x0000000084f00000, 0x0000000084f00000| Untracked 
|  34|0x0000000085000000, 0x0000000085000000, 0x0000000085100000|  0%| F|  |TAMS 0x0000000085000000, 0x0000000085000000| Untracked 
|  35|0x0000000085100000, 0x0000000085100000, 0x0000000085200000|  0%| F|  |TAMS 0x0000000085100000, 0x0000000085100000| Untracked 
|  36|0x0000000085200000, 0x0000000085200000, 0x0000000085300000|  0%| F|  |TAMS 0x0000000085200000, 0x0000000085200000| Untracked 
|  37|0x0000000085300000, 0x0000000085300000, 0x0000000085400000|  0%| F|  |TAMS 0x0000000085300000, 0x0000000085300000| Untracked 
|  38|0x0000000085400000, 0x0000000085400000, 0x0000000085500000|  0%| F|  |TAMS 0x0000000085400000, 0x0000000085400000| Untracked 
|  39|0x0000000085500000, 0x0000000085500000, 0x0000000085600000|  0%| F|  |TAMS 0x0000000085500000, 0x0000000085500000| Untracked 
|  40|0x0000000085600000, 0x0000000085600000, 0x0000000085700000|  0%| F|  |TAMS 0x0000000085600000, 0x0000000085600000| Untracked 
|  41|0x0000000085700000, 0x0000000085700000, 0x0000000085800000|  0%| F|  |TAMS 0x0000000085700000, 0x0000000085700000| Untracked 
|  42|0x0000000085800000, 0x0000000085800000, 0x0000000085900000|  0%| F|  |TAMS 0x0000000085800000, 0x0000000085800000| Untracked 
|  43|0x0000000085900000, 0x0000000085900000, 0x0000000085a00000|  0%| F|  |TAMS 0x0000000085900000, 0x0000000085900000| Untracked 
|  44|0x0000000085a00000, 0x0000000085a00000, 0x0000000085b00000|  0%| F|  |TAMS 0x0000000085a00000, 0x0000000085a00000| Untracked 
|  45|0x0000000085b00000, 0x0000000085b00000, 0x0000000085c00000|  0%| F|  |TAMS 0x0000000085b00000, 0x0000000085b00000| Untracked 
|  46|0x0000000085c00000, 0x0000000085c00000, 0x0000000085d00000|  0%| F|  |TAMS 0x0000000085c00000, 0x0000000085c00000| Untracked 
|  47|0x0000000085d00000, 0x0000000085d00000, 0x0000000085e00000|  0%| F|  |TAMS 0x0000000085d00000, 0x0000000085d00000| Untracked 
|  48|0x0000000085e00000, 0x0000000085e00000, 0x0000000085f00000|  0%| F|  |TAMS 0x0000000085e00000, 0x0000000085e00000| Untracked 
|  49|0x0000000085f00000, 0x0000000085f00000, 0x0000000086000000|  0%| F|  |TAMS 0x0000000085f00000, 0x0000000085f00000| Untracked 
|  50|0x0000000086000000, 0x0000000086000000, 0x0000000086100000|  0%| F|  |TAMS 0x0000000086000000, 0x0000000086000000| Untracked 
|  51|0x0000000086100000, 0x0000000086100000, 0x0000000086200000|  0%| F|  |TAMS 0x0000000086100000, 0x0000000086100000| Untracked 
|  52|0x0000000086200000, 0x0000000086200000, 0x0000000086300000|  0%| F|  |TAMS 0x0000000086200000, 0x0000000086200000| Untracked 
|  53|0x0000000086300000, 0x0000000086300000, 0x0000000086400000|  0%| F|  |TAMS 0x0000000086300000, 0x0000000086300000| Untracked 
|  54|0x0000000086400000, 0x0000000086400000, 0x0000000086500000|  0%| F|  |TAMS 0x0000000086400000, 0x0000000086400000| Untracked 
|  55|0x0000000086500000, 0x0000000086500000, 0x0000000086600000|  0%| F|  |TAMS 0x0000000086500000, 0x0000000086500000| Untracked 
|  56|0x0000000086600000, 0x0000000086600000, 0x0000000086700000|  0%| F|  |TAMS 0x0000000086600000, 0x0000000086600000| Untracked 
|  57|0x0000000086700000, 0x0000000086700000, 0x0000000086800000|  0%| F|  |TAMS 0x0000000086700000, 0x0000000086700000| Untracked 
|  58|0x0000000086800000, 0x0000000086800000, 0x0000000086900000|  0%| F|  |TAMS 0x0000000086800000, 0x0000000086800000| Untracked 
|  59|0x0000000086900000, 0x0000000086900000, 0x0000000086a00000|  0%| F|  |TAMS 0x0000000086900000, 0x0000000086900000| Untracked 
|  60|0x0000000086a00000, 0x0000000086a00000, 0x0000000086b00000|  0%| F|  |TAMS 0x0000000086a00000, 0x0000000086a00000| Untracked 
|  61|0x0000000086b00000, 0x0000000086b00000, 0x0000000086c00000|  0%| F|  |TAMS 0x0000000086b00000, 0x0000000086b00000| Untracked 
|  62|0x0000000086c00000, 0x0000000086c00000, 0x0000000086d00000|  0%| F|  |TAMS 0x0000000086c00000, 0x0000000086c00000| Untracked 
|  63|0x0000000086d00000, 0x0000000086d00000, 0x0000000086e00000|  0%| F|  |TAMS 0x0000000086d00000, 0x0000000086d00000| Untracked 
|  64|0x0000000086e00000, 0x0000000086e00000, 0x0000000086f00000|  0%| F|  |TAMS 0x0000000086e00000, 0x0000000086e00000| Untracked 
|  65|0x0000000086f00000, 0x0000000086f00000, 0x0000000087000000|  0%| F|  |TAMS 0x0000000086f00000, 0x0000000086f00000| Untracked 
|  66|0x0000000087000000, 0x0000000087000000, 0x0000000087100000|  0%| F|  |TAMS 0x0000000087000000, 0x0000000087000000| Untracked 
|  67|0x0000000087100000, 0x0000000087100000, 0x0000000087200000|  0%| F|  |TAMS 0x0000000087100000, 0x0000000087100000| Untracked 
|  68|0x0000000087200000, 0x0000000087200000, 0x0000000087300000|  0%| F|  |TAMS 0x0000000087200000, 0x0000000087200000| Untracked 
|  69|0x0000000087300000, 0x0000000087300000, 0x0000000087400000|  0%| F|  |TAMS 0x0000000087300000, 0x0000000087300000| Untracked 
|  70|0x0000000087400000, 0x0000000087400000, 0x0000000087500000|  0%| F|  |TAMS 0x0000000087400000, 0x0000000087400000| Untracked 
|  71|0x0000000087500000, 0x0000000087500000, 0x0000000087600000|  0%| F|  |TAMS 0x0000000087500000, 0x0000000087500000| Untracked 
|  72|0x0000000087600000, 0x0000000087600000, 0x0000000087700000|  0%| F|  |TAMS 0x0000000087600000, 0x0000000087600000| Untracked 
|  73|0x0000000087700000, 0x0000000087700000, 0x0000000087800000|  0%| F|  |TAMS 0x0000000087700000, 0x0000000087700000| Untracked 
|  74|0x0000000087800000, 0x0000000087800000, 0x0000000087900000|  0%| F|  |TAMS 0x0000000087800000, 0x0000000087800000| Untracked 
|  75|0x0000000087900000, 0x0000000087900000, 0x0000000087a00000|  0%| F|  |TAMS 0x0000000087900000, 0x0000000087900000| Untracked 
|  76|0x0000000087a00000, 0x0000000087a00000, 0x0000000087b00000|  0%| F|  |TAMS 0x0000000087a00000, 0x0000000087a00000| Untracked 
|  77|0x0000000087b00000, 0x0000000087b00000, 0x0000000087c00000|  0%| F|  |TAMS 0x0000000087b00000, 0x0000000087b00000| Untracked 
|  78|0x0000000087c00000, 0x0000000087c00000, 0x0000000087d00000|  0%| F|  |TAMS 0x0000000087c00000, 0x0000000087c00000| Untracked 
|  79|0x0000000087d00000, 0x0000000087d00000, 0x0000000087e00000|  0%| F|  |TAMS 0x0000000087d00000, 0x0000000087d00000| Untracked 
|  80|0x0000000087e00000, 0x0000000087e00000, 0x0000000087f00000|  0%| F|  |TAMS 0x0000000087e00000, 0x0000000087e00000| Untracked 
|  81|0x0000000087f00000, 0x0000000087f00000, 0x0000000088000000|  0%| F|  |TAMS 0x0000000087f00000, 0x0000000087f00000| Untracked 
|  82|0x0000000088000000, 0x0000000088000000, 0x0000000088100000|  0%| F|  |TAMS 0x0000000088000000, 0x0000000088000000| Untracked 
|  83|0x0000000088100000, 0x0000000088100000, 0x0000000088200000|  0%| F|  |TAMS 0x0000000088100000, 0x0000000088100000| Untracked 
|  84|0x0000000088200000, 0x0000000088200000, 0x0000000088300000|  0%| F|  |TAMS 0x0000000088200000, 0x0000000088200000| Untracked 
|  85|0x0000000088300000, 0x0000000088300000, 0x0000000088400000|  0%| F|  |TAMS 0x0000000088300000, 0x0000000088300000| Untracked 
|  86|0x0000000088400000, 0x0000000088400000, 0x0000000088500000|  0%| F|  |TAMS 0x0000000088400000, 0x0000000088400000| Untracked 
|  87|0x0000000088500000, 0x0000000088500000, 0x0000000088600000|  0%| F|  |TAMS 0x0000000088500000, 0x0000000088500000| Untracked 
|  88|0x0000000088600000, 0x0000000088600000, 0x0000000088700000|  0%| F|  |TAMS 0x0000000088600000, 0x0000000088600000| Untracked 
|  89|0x0000000088700000, 0x0000000088700000, 0x0000000088800000|  0%| F|  |TAMS 0x0000000088700000, 0x0000000088700000| Untracked 
|  90|0x0000000088800000, 0x0000000088800000, 0x0000000088900000|  0%| F|  |TAMS 0x0000000088800000, 0x0000000088800000| Untracked 
|  91|0x0000000088900000, 0x0000000088900000, 0x0000000088a00000|  0%| F|  |TAMS 0x0000000088900000, 0x0000000088900000| Untracked 
|  92|0x0000000088a00000, 0x0000000088a00000, 0x0000000088b00000|  0%| F|  |TAMS 0x0000000088a00000, 0x0000000088a00000| Untracked 
|  93|0x0000000088b00000, 0x0000000088b00000, 0x0000000088c00000|  0%| F|  |TAMS 0x0000000088b00000, 0x0000000088b00000| Untracked 
|  94|0x0000000088c00000, 0x0000000088c00000, 0x0000000088d00000|  0%| F|  |TAMS 0x0000000088c00000, 0x0000000088c00000| Untracked 
|  95|0x0000000088d00000, 0x0000000088d00000, 0x0000000088e00000|  0%| F|  |TAMS 0x0000000088d00000, 0x0000000088d00000| Untracked 
|  96|0x0000000088e00000, 0x0000000088e00000, 0x0000000088f00000|  0%| F|  |TAMS 0x0000000088e00000, 0x0000000088e00000| Untracked 
|  97|0x0000000088f00000, 0x0000000088f00000, 0x0000000089000000|  0%| F|  |TAMS 0x0000000088f00000, 0x0000000088f00000| Untracked 
|  98|0x0000000089000000, 0x0000000089000000, 0x0000000089100000|  0%| F|  |TAMS 0x0000000089000000, 0x0000000089000000| Untracked 
|  99|0x0000000089100000, 0x0000000089100000, 0x0000000089200000|  0%| F|  |TAMS 0x0000000089100000, 0x0000000089100000| Untracked 
| 100|0x0000000089200000, 0x0000000089200000, 0x0000000089300000|  0%| F|  |TAMS 0x0000000089200000, 0x0000000089200000| Untracked 
| 101|0x0000000089300000, 0x0000000089300000, 0x0000000089400000|  0%| F|  |TAMS 0x0000000089300000, 0x0000000089300000| Untracked 
| 102|0x0000000089400000, 0x0000000089400000, 0x0000000089500000|  0%| F|  |TAMS 0x0000000089400000, 0x0000000089400000| Untracked 
| 103|0x0000000089500000, 0x0000000089500000, 0x0000000089600000|  0%| F|  |TAMS 0x0000000089500000, 0x0000000089500000| Untracked 
| 104|0x0000000089600000, 0x0000000089600000, 0x0000000089700000|  0%| F|  |TAMS 0x0000000089600000, 0x0000000089600000| Untracked 
| 105|0x0000000089700000, 0x0000000089700000, 0x0000000089800000|  0%| F|  |TAMS 0x0000000089700000, 0x0000000089700000| Untracked 
| 106|0x0000000089800000, 0x0000000089800000, 0x0000000089900000|  0%| F|  |TAMS 0x0000000089800000, 0x0000000089800000| Untracked 
| 107|0x0000000089900000, 0x0000000089900000, 0x0000000089a00000|  0%| F|  |TAMS 0x0000000089900000, 0x0000000089900000| Untracked 
| 108|0x0000000089a00000, 0x0000000089a00000, 0x0000000089b00000|  0%| F|  |TAMS 0x0000000089a00000, 0x0000000089a00000| Untracked 
| 109|0x0000000089b00000, 0x0000000089bf52f0, 0x0000000089c00000| 95%| E|  |TAMS 0x0000000089b00000, 0x0000000089b00000| Complete 
| 110|0x0000000089c00000, 0x0000000089d00000, 0x0000000089d00000|100%| E|CS|TAMS 0x0000000089c00000, 0x0000000089c00000| Complete 
| 111|0x0000000089d00000, 0x0000000089e00000, 0x0000000089e00000|100%| E|CS|TAMS 0x0000000089d00000, 0x0000000089d00000| Complete 
| 112|0x0000000089e00000, 0x0000000089f00000, 0x0000000089f00000|100%| E|CS|TAMS 0x0000000089e00000, 0x0000000089e00000| Complete 
| 113|0x0000000089f00000, 0x000000008a000000, 0x000000008a000000|100%| E|CS|TAMS 0x0000000089f00000, 0x0000000089f00000| Complete 
| 114|0x000000008a000000, 0x000000008a100000, 0x000000008a100000|100%| E|CS|TAMS 0x000000008a000000, 0x000000008a000000| Complete 
| 115|0x000000008a100000, 0x000000008a200000, 0x000000008a200000|100%| E|CS|TAMS 0x000000008a100000, 0x000000008a100000| Complete 
| 116|0x000000008a200000, 0x000000008a300000, 0x000000008a300000|100%| E|CS|TAMS 0x000000008a200000, 0x000000008a200000| Complete 
| 117|0x000000008a300000, 0x000000008a400000, 0x000000008a400000|100%| E|CS|TAMS 0x000000008a300000, 0x000000008a300000| Complete 
| 118|0x000000008a400000, 0x000000008a500000, 0x000000008a500000|100%| E|CS|TAMS 0x000000008a400000, 0x000000008a400000| Complete 
| 119|0x000000008a500000, 0x000000008a600000, 0x000000008a600000|100%| E|CS|TAMS 0x000000008a500000, 0x000000008a500000| Complete 
| 120|0x000000008a600000, 0x000000008a700000, 0x000000008a700000|100%| E|  |TAMS 0x000000008a600000, 0x000000008a600000| Complete 
| 121|0x000000008a700000, 0x000000008a800000, 0x000000008a800000|100%| E|CS|TAMS 0x000000008a700000, 0x000000008a700000| Complete 
| 122|0x000000008a800000, 0x000000008a900000, 0x000000008a900000|100%| E|CS|TAMS 0x000000008a800000, 0x000000008a800000| Complete 
| 123|0x000000008a900000, 0x000000008aa00000, 0x000000008aa00000|100%| E|CS|TAMS 0x000000008a900000, 0x000000008a900000| Complete 
| 124|0x000000008aa00000, 0x000000008ab00000, 0x000000008ab00000|100%| E|CS|TAMS 0x000000008aa00000, 0x000000008aa00000| Complete 
| 125|0x000000008ab00000, 0x000000008ac00000, 0x000000008ac00000|100%| E|CS|TAMS 0x000000008ab00000, 0x000000008ab00000| Complete 

Card table byte_map: [0x000001f7d3870000,0x000001f7d3c60000] _byte_map_base: 0x000001f7d3459000

Marking Bits (Prev, Next): (CMBitMap*) 0x000001f7bbf51520, (CMBitMap*) 0x000001f7bbf51560
 Prev Bits: [0x000001f7d4050000, 0x000001f7d5f98000)
 Next Bits: [0x000001f7d5fa0000, 0x000001f7d7ee8000)

Polling page: 0x000001f7b9e40000

Metaspace:

Usage:
  Non-class:      7.99 MB capacity,     5.10 MB ( 64%) used,     2.89 MB ( 36%) free+waste,     4.81 KB ( <1%) overhead. 
      Class:      1.64 MB capacity,     1.34 MB ( 82%) used,   303.67 KB ( 18%) free+waste,     3.06 KB ( <1%) overhead. 
       Both:      9.63 MB capacity,     6.44 MB ( 67%) used,     3.18 MB ( 33%) free+waste,     7.88 KB ( <1%) overhead. 

Virtual space:
  Non-class space:       10.00 MB reserved,       8.25 MB ( 82%) committed 
      Class space:        1.00 GB reserved,       1.75 MB ( <1%) committed 
             Both:        1.01 GB reserved,      10.00 MB ( <1%) committed 

Chunk freelists:
   Non-Class:  134.00 KB
       Class:  19.00 KB
        Both:  153.00 KB

MaxMetaspaceSize: 17179869184.00 GB
CompressedClassSpaceSize: 1.00 GB

CodeHeap 'non-profiled nmethods': size=120000Kb used=205Kb max_used=205Kb free=119794Kb
 bounds [0x000001f7cbc20000, 0x000001f7cbe90000, 0x000001f7d3150000]
CodeHeap 'profiled nmethods': size=120000Kb used=1477Kb max_used=1477Kb free=118522Kb
 bounds [0x000001f7c46f0000, 0x000001f7c4960000, 0x000001f7cbc20000]
CodeHeap 'non-nmethods': size=5760Kb used=1164Kb max_used=1180Kb free=4595Kb
 bounds [0x000001f7c4150000, 0x000001f7c43c0000, 0x000001f7c46f0000]
 total_blobs=1225 nmethods=803 adapters=335
 compilation: enabled
              stopped_count=0, restarted_count=0
 full_count=0

Compilation events (20 events):
Event: 0.433 Thread 0x000001f7da929100 nmethod 776 0x000001f7c4856a90 code [0x000001f7c4856c40, 0x000001f7c4856e08]
Event: 0.433 Thread 0x000001f7da929100  774       3       java.lang.invoke.VarForm::getMemberName (21 bytes)
Event: 0.434 Thread 0x000001f7da929100 nmethod 774 0x000001f7c4856e90 code [0x000001f7c4857040, 0x000001f7c4857268]
Event: 0.434 Thread 0x000001f7da929100  775       3       java.lang.invoke.VarHandleReferences$FieldInstanceReadWrite::compareAndSet (48 bytes)
Event: 0.434 Thread 0x000001f7da929100 nmethod 775 0x000001f7c4857390 code [0x000001f7c4857600, 0x000001f7c48580a8]
Event: 0.434 Thread 0x000001f7da929100  777       3       java.lang.ThreadLocal::get (38 bytes)
Event: 0.434 Thread 0x000001f7da929100 nmethod 777 0x000001f7c4858490 code [0x000001f7c4858660, 0x000001f7c4858948]
Event: 0.434 Thread 0x000001f7da929100  779       3       clojure.lang.Util::equivPred (59 bytes)
Event: 0.434 Thread 0x000001f7da929100 nmethod 779 0x000001f7c4858a90 code [0x000001f7c4858c60, 0x000001f7c4859478]
Event: 0.434 Thread 0x000001f7da929100  783       3       clojure.lang.APersistentMap$KeySeq::<init> (15 bytes)
Event: 0.434 Thread 0x000001f7da929100 nmethod 783 0x000001f7c4859510 code [0x000001f7c48596c0, 0x000001f7c48599b8]
Event: 0.435 Thread 0x000001f7da929100  784       3       clojure.lang.Var::get (20 bytes)
Event: 0.435 Thread 0x000001f7da929100 nmethod 784 0x000001f7c4859b10 code [0x000001f7c4859ce0, 0x000001f7c4859fe8]
Event: 0.435 Thread 0x000001f7da929100  789       3       clojure.lang.PersistentHashMap$BitmapIndexedNode::find (91 bytes)
Event: 0.435 Thread 0x000001f7da925eb0 nmethod 726 0x000001f7cbc4e310 code [0x000001f7cbc4e520, 0x000001f7cbc4fa50]
Event: 0.435 Thread 0x000001f7da925eb0  781       4       clojure.lang.PersistentHashMap::hash (5 bytes)
Event: 0.435 Thread 0x000001f7da929100 nmethod 789 0x000001f7c485a110 code [0x000001f7c485a360, 0x000001f7c485ad48]
Event: 0.435 Thread 0x000001f7da929100  790       3       clojure.lang.PersistentHashMap::entryAt (51 bytes)
Event: 0.436 Thread 0x000001f7da929100 nmethod 790 0x000001f7c485b110 code [0x000001f7c485b320, 0x000001f7c485b9b8]
Event: 0.436 Thread 0x000001f7da929100  770       3       clojure.core$assoc__5416::invokeStatic (13 bytes)

GC Heap History (0 events):
No events

Deoptimization events (20 events):
Event: 0.390 Thread 0x000001f7bbf12b00 Uncommon trap: trap_request=0xffffffc6 fr.pc=0x000001f7cbc42870 relative=0x0000000000000430
Event: 0.390 Thread 0x000001f7bbf12b00 Uncommon trap: reason=bimorphic_or_optimized_type_check action=maybe_recompile pc=0x000001f7cbc42870 method=clojure.lang.Util.hasheq(Ljava/lang/Object;)I @ 52 c2
Event: 0.390 Thread 0x000001f7bbf12b00 DEOPT PACKING pc=0x000001f7cbc42870 sp=0x000000418b5fb0c0
Event: 0.390 Thread 0x000001f7bbf12b00 DEOPT UNPACKING pc=0x000001f7c419e42f sp=0x000000418b5fb078 mode 2
Event: 0.391 Thread 0x000001f7bbf12b00 Uncommon trap: trap_request=0xffffffc6 fr.pc=0x000001f7cbc42870 relative=0x0000000000000430
Event: 0.391 Thread 0x000001f7bbf12b00 Uncommon trap: reason=bimorphic_or_optimized_type_check action=maybe_recompile pc=0x000001f7cbc42870 method=clojure.lang.Util.hasheq(Ljava/lang/Object;)I @ 52 c2
Event: 0.391 Thread 0x000001f7bbf12b00 DEOPT PACKING pc=0x000001f7cbc42870 sp=0x000000418b5fb0b0
Event: 0.391 Thread 0x000001f7bbf12b00 DEOPT UNPACKING pc=0x000001f7c419e42f sp=0x000000418b5fb068 mode 2
Event: 0.391 Thread 0x000001f7bbf12b00 Uncommon trap: trap_request=0xffffffc6 fr.pc=0x000001f7cbc42870 relative=0x0000000000000430
Event: 0.391 Thread 0x000001f7bbf12b00 Uncommon trap: reason=bimorphic_or_optimized_type_check action=maybe_recompile pc=0x000001f7cbc42870 method=clojure.lang.Util.hasheq(Ljava/lang/Object;)I @ 52 c2
Event: 0.391 Thread 0x000001f7bbf12b00 DEOPT PACKING pc=0x000001f7cbc42870 sp=0x000000418b5fb0b0
Event: 0.391 Thread 0x000001f7bbf12b00 DEOPT UNPACKING pc=0x000001f7c419e42f sp=0x000000418b5fb068 mode 2
Event: 0.391 Thread 0x000001f7bbf12b00 Uncommon trap: trap_request=0xffffffc6 fr.pc=0x000001f7cbc42870 relative=0x0000000000000430
Event: 0.391 Thread 0x000001f7bbf12b00 Uncommon trap: reason=bimorphic_or_optimized_type_check action=maybe_recompile pc=0x000001f7cbc42870 method=clojure.lang.Util.hasheq(Ljava/lang/Object;)I @ 52 c2
Event: 0.391 Thread 0x000001f7bbf12b00 DEOPT PACKING pc=0x000001f7cbc42870 sp=0x000000418b5fb0a0
Event: 0.391 Thread 0x000001f7bbf12b00 DEOPT UNPACKING pc=0x000001f7c419e42f sp=0x000000418b5fb058 mode 2
Event: 0.405 Thread 0x000001f7bbf12b00 Uncommon trap: trap_request=0xffffff45 fr.pc=0x000001f7cbc49768 relative=0x0000000000000248
Event: 0.405 Thread 0x000001f7bbf12b00 Uncommon trap: reason=unstable_if action=reinterpret pc=0x000001f7cbc49768 method=clojure.lang.Util.hash(Ljava/lang/Object;)I @ 1 c2
Event: 0.405 Thread 0x000001f7bbf12b00 DEOPT PACKING pc=0x000001f7cbc49768 sp=0x000000418b5fa720
Event: 0.405 Thread 0x000001f7bbf12b00 DEOPT UNPACKING pc=0x000001f7c419e42f sp=0x000000418b5fa650 mode 2

Classes unloaded (0 events):
No events

Classes redefined (0 events):
No events

Internal exceptions (2 events):
Event: 0.172 Thread 0x000001f7bbf12b00 Exception <a 'java/lang/NoSuchMethodError'{0x000000008a7d1e78}: 'void java.lang.invoke.DirectMethodHandle$Holder.invokeSpecial(java.lang.Object, java.lang.Object, java.lang.Object)'> (0x000000008a7d1e78) 
thrown [./open/src/hotspot/share/interpreter/linkResolver.cpp, line 782]
Event: 0.177 Thread 0x000001f7bbf12b00 Exception <a 'java/lang/NoSuchMethodError'{0x000000008a7e3598}: 'java.lang.Object java.lang.invoke.DirectMethodHandle$Holder.invokeStatic(java.lang.Object, int, java.lang.Object)'> (0x000000008a7e3598) 
thrown [./open/src/hotspot/share/interpreter/linkResolver.cpp, line 782]

Events (20 events):
Event: 0.311 loading class java/util/concurrent/locks/ReentrantReadWriteLock$NonfairSync done
Event: 0.311 loading class java/util/concurrent/locks/ReentrantReadWriteLock$Sync$ThreadLocalHoldCounter
Event: 0.311 loading class java/util/concurrent/locks/ReentrantReadWriteLock$Sync$ThreadLocalHoldCounter done
Event: 0.311 loading class java/util/concurrent/locks/ReentrantReadWriteLock$ReadLock
Event: 0.311 loading class java/util/concurrent/locks/ReentrantReadWriteLock$ReadLock done
Event: 0.311 loading class java/util/concurrent/locks/ReentrantReadWriteLock$WriteLock
Event: 0.311 loading class java/util/concurrent/locks/ReentrantReadWriteLock$WriteLock done
Event: 0.350 loading class java/util/concurrent/BlockingQueue
Event: 0.350 loading class java/util/concurrent/BlockingQueue done
Event: 0.350 loading class java/util/concurrent/LinkedBlockingQueue
Event: 0.350 loading class java/util/AbstractQueue
Event: 0.350 loading class java/util/AbstractQueue done
Event: 0.350 loading class java/util/concurrent/LinkedBlockingQueue done
Event: 0.351 loading class java/lang/annotation/Retention
Event: 0.351 loading class java/lang/annotation/Retention done
Event: 0.354 Loaded shared library C:\Program Files\Java\jdk-15.0.2\bin\zip.dll
Event: 0.378 loading class java/io/NotSerializableException
Event: 0.378 loading class java/io/ObjectStreamException
Event: 0.378 loading class java/io/ObjectStreamException done
Event: 0.378 loading class java/io/NotSerializableException done


Dynamic libraries:
0x00007ff738c80000 - 0x00007ff738c8f000 	C:\Program Files\Java\jdk-15.0.2\bin\java.exe
0x00007fff8e550000 - 0x00007fff8e745000 	C:\WINDOWS\SYSTEM32\ntdll.dll
0x00007fff8db30000 - 0x00007fff8dbed000 	C:\WINDOWS\System32\KERNEL32.DLL
0x00007fff8bc90000 - 0x00007fff8bf58000 	C:\WINDOWS\System32\KERNELBASE.dll
0x00007fff8c1c0000 - 0x00007fff8c2c0000 	C:\WINDOWS\System32\ucrtbase.dll
0x00007fff83dd0000 - 0x00007fff83de9000 	C:\Program Files\Java\jdk-15.0.2\bin\VCRUNTIME140.dll
0x00007fff84300000 - 0x00007fff84318000 	C:\Program Files\Java\jdk-15.0.2\bin\jli.dll
0x00007fff8dea0000 - 0x00007fff8df4c000 	C:\WINDOWS\System32\ADVAPI32.dll
0x00007fff8d580000 - 0x00007fff8d61e000 	C:\WINDOWS\System32\msvcrt.dll
0x00007fff8dbf0000 - 0x00007fff8dc8b000 	C:\WINDOWS\System32\sechost.dll
0x00007fff8e310000 - 0x00007fff8e43b000 	C:\WINDOWS\System32\RPCRT4.dll
0x00007fff8d3e0000 - 0x00007fff8d580000 	C:\WINDOWS\System32\USER32.dll
0x00007fff8c580000 - 0x00007fff8c5a2000 	C:\WINDOWS\System32\win32u.dll
0x00007fff78010000 - 0x00007fff782aa000 	C:\WINDOWS\WinSxS\amd64_microsoft.windows.common-controls_6595b64144ccf1df_6.0.19041.844_none_ca00b6081b84eb1d\COMCTL32.dll
0x00007fff8cf40000 - 0x00007fff8cf6a000 	C:\WINDOWS\System32\GDI32.dll
0x00007fff8c000000 - 0x00007fff8c10b000 	C:\WINDOWS\System32\gdi32full.dll
0x00007fff8bf60000 - 0x00007fff8bffd000 	C:\WINDOWS\System32\msvcp_win.dll
0x00007fff82500000 - 0x00007fff8250a000 	C:\WINDOWS\SYSTEM32\VERSION.dll
0x00007fff8cf10000 - 0x00007fff8cf40000 	C:\WINDOWS\System32\IMM32.DLL
0x00007fff709d0000 - 0x00007fff709dc000 	C:\Program Files\Java\jdk-15.0.2\bin\vcruntime140_1.dll
0x00007fff64350000 - 0x00007fff643e1000 	C:\Program Files\Java\jdk-15.0.2\bin\msvcp140.dll
0x00007fff49b70000 - 0x00007fff4a6ce000 	C:\Program Files\Java\jdk-15.0.2\bin\server\jvm.dll
0x00007fff8de90000 - 0x00007fff8de98000 	C:\WINDOWS\System32\PSAPI.DLL
0x00007fff81910000 - 0x00007fff81937000 	C:\WINDOWS\SYSTEM32\WINMM.dll
0x00007fff7ba10000 - 0x00007fff7ba19000 	C:\WINDOWS\SYSTEM32\WSOCK32.dll
0x00007fff8e4a0000 - 0x00007fff8e50b000 	C:\WINDOWS\System32\WS2_32.dll
0x00007fff89be0000 - 0x00007fff89bf2000 	C:\WINDOWS\SYSTEM32\kernel.appcore.dll
0x00007fff6f5f0000 - 0x00007fff6f5fa000 	C:\Program Files\Java\jdk-15.0.2\bin\jimage.dll
0x00007fff7b190000 - 0x00007fff7b374000 	C:\WINDOWS\SYSTEM32\DBGHELP.DLL
0x00007fff7a060000 - 0x00007fff7a08c000 	C:\WINDOWS\SYSTEM32\dbgcore.DLL
0x00007fff8c2c0000 - 0x00007fff8c340000 	C:\WINDOWS\System32\bcryptPrimitives.dll
0x00007fff641f0000 - 0x00007fff64215000 	C:\Program Files\Java\jdk-15.0.2\bin\java.dll
0x00007fff8c7c0000 - 0x00007fff8cf02000 	C:\WINDOWS\System32\SHELL32.dll
0x00007fff89de0000 - 0x00007fff8a570000 	C:\WINDOWS\SYSTEM32\windows.storage.dll
0x00007fff8cf70000 - 0x00007fff8d2c5000 	C:\WINDOWS\System32\combase.dll
0x00007fff8b630000 - 0x00007fff8b65c000 	C:\WINDOWS\SYSTEM32\Wldp.dll
0x00007fff8d2d0000 - 0x00007fff8d37e000 	C:\WINDOWS\System32\SHCORE.dll
0x00007fff8d380000 - 0x00007fff8d3d5000 	C:\WINDOWS\System32\shlwapi.dll
0x00007fff8bbd0000 - 0x00007fff8bbef000 	C:\WINDOWS\SYSTEM32\profapi.dll
0x00007fff64300000 - 0x00007fff64319000 	C:\Program Files\Java\jdk-15.0.2\bin\net.dll
0x00007fff7ff10000 - 0x00007fff8001b000 	C:\WINDOWS\SYSTEM32\WINHTTP.dll
0x00007fff8b3a0000 - 0x00007fff8b40a000 	C:\WINDOWS\system32\mswsock.dll
0x00007fff641d0000 - 0x00007fff641e2000 	C:\Program Files\Java\jdk-15.0.2\bin\nio.dll
0x00007fff641b0000 - 0x00007fff641c8000 	C:\Program Files\Java\jdk-15.0.2\bin\zip.dll

dbghelp: loaded successfully - version: 4.0.5 - missing functions: none
symbol engine: initialized successfully - sym options: 0x614 - pdb path: .;C:\Program Files\Java\jdk-15.0.2\bin;C:\WINDOWS\SYSTEM32;C:\WINDOWS\WinSxS\amd64_microsoft.windows.common-controls_6595b64144ccf1df_6.0.19041.844_none_ca00b6081b84eb1d;C:\Program Files\Java\jdk-15.0.2\bin\server

VM Arguments:
jvm_args: -Dfile.encoding=UTF-8 -Dclojure.compile.path=C:\Users\52555\my-bank-app/target/classes -Dleiningen.original.pwd=C:\Users\52555\my-bank-app 
java_command: clojure.main -m leiningen.core.main run
java_class_path (initial): C:\Users\52555\.lein\self-installs\leiningen-2.9.5-standalone.jar
Launcher Type: SUN_STANDARD

[Global flags]
     intx CICompilerCount                          = 4                                         {product} {ergonomic}
     uint ConcGCThreads                            = 2                                         {product} {ergonomic}
     uint G1ConcRefinementThreads                  = 8                                         {product} {ergonomic}
   size_t G1HeapRegionSize                         = 1048576                                   {product} {ergonomic}
    uintx GCDrainStackTargetSize                   = 64                                        {product} {ergonomic}
   size_t InitialHeapSize                          = 132120576                                 {product} {ergonomic}
   size_t MarkStackSize                            = 4194304                                   {product} {ergonomic}
   size_t MaxHeapSize                              = 2099249152                                {product} {ergonomic}
   size_t MaxNewSize                               = 1259339776                                {product} {ergonomic}
   size_t MinHeapDeltaBytes                        = 1048576                                   {product} {ergonomic}
   size_t MinHeapSize                              = 8388608                                   {product} {ergonomic}
    uintx NonNMethodCodeHeapSize                   = 5839372                                {pd product} {ergonomic}
    uintx NonProfiledCodeHeapSize                  = 122909434                              {pd product} {ergonomic}
    uintx ProfiledCodeHeapSize                     = 122909434                              {pd product} {ergonomic}
    uintx ReservedCodeCacheSize                    = 251658240                              {pd product} {ergonomic}
     bool SegmentedCodeCache                       = true                                      {product} {ergonomic}
   size_t SoftMaxHeapSize                          = 2099249152                             {manageable} {ergonomic}
     bool UseCompressedClassPointers               = true                                 {lp64_product} {ergonomic}
     bool UseCompressedOops                        = true                                 {lp64_product} {ergonomic}
     bool UseG1GC                                  = true                                      {product} {ergonomic}
     bool UseLargePagesIndividualAllocation        = false                                  {pd product} {ergonomic}

Logging:
Log output configuration:
 #0: stdout all=warning uptime,level,tags
 #1: stderr all=off uptime,level,tags

Environment Variables:
CLASSPATH=C:\Users\52555\.lein\self-installs\leiningen-2.9.5-standalone.jar
PATH=C:\Program Files\Common Files\Oracle\Java\javapath;C:\Program Files (x86)\Common Files\Oracle\Java\javapath;C:\WINDOWS\system32;C:\WINDOWS;C:\WINDOWS\System32\Wbem;C:\WINDOWS\System32\WindowsPowerShell\v1.0\;C:\WINDOWS\System32\OpenSSH\;C:\leiningen;C:\Leiningen;C:\Program Files\Git\cmd;C:\Program Files\Git\mingw64\bin;C:\Program Files\Git\usr\bin;C:\Users\52555\AppData\Local\Microsoft\WindowsApps;
USERNAME=52555
OS=Windows_NT
PROCESSOR_IDENTIFIER=AMD64 Family 23 Model 24 Stepping 1, AuthenticAMD



---------------  S Y S T E M  ---------------

OS:
 Windows 10 , 64 bit Build 19041 (10.0.19041.928)
OS uptime: 26 days 13:42 hours

CPU: total 8 (initial active 8) (8 cores per cpu, 2 threads per core) family 23 model 24 stepping 1 microcode 0x0, cmov, cx8, fxsr, mmx, sse, sse2, sse3, ssse3, sse4.1, sse4.2, popcnt, vzeroupper, avx, avx2, aes, clmul, 3dnowpref, lzcnt, sse4a, ht, tsc, tscinvbit, tscinv, bmi1, bmi2, adx, sha, fma, clflush, clflushopt

Memory: 4k page, system-wide physical 8001M (1708M free)
TotalPageFile size 23123M (AvailPageFile size 5M)
current process WorkingSet (physical memory assigned to process): 63M, peak: 63M
current process commit charge ("private bytes"): 223M, peak: 223M

vm_info: Java HotSpot(TM) 64-Bit Server VM (15.0.2+7-27) for windows-amd64 JRE (15.0.2+7-27), built on Dec  7 2020 20:07:01 by "mach5one" with unknown MS VC++:1925

END.
