#
# There is insufficient memory for the Java Runtime Environment to continue.
# Native memory allocation (mmap) failed to map 132120576 bytes for G1 virtual space
# Possible reasons:
#   The system is out of physical RAM or swap space
#   The process is running with CompressedOops enabled, and the Java Heap may be blocking the growth of the native heap
# Possible solutions:
#   Reduce memory load on the system
#   Increase physical memory or swap space
#   Check if swap backing store is full
#   Decrease Java heap size (-Xmx/-Xms)
#   Decrease number of Java threads
#   Decrease Java thread stack sizes (-Xss)
#   Set larger code cache with -XX:ReservedCodeCacheSize=
#   JVM is running with Unscaled Compressed Oops mode in which the Java heap is
#     placed in the first 4GB address space. The Java Heap base address is the
#     maximum limit for the native heap growth. Please use -XX:HeapBaseMinAddress
#     to set the Java Heap base and to place the Java Heap above 4GB virtual address.
# This output file may be truncated or incomplete.
#
#  Out of Memory Error (./open/src/hotspot/os/windows/os_windows.cpp:3321), pid=22712, tid=31868
#
# JRE version:  (15.0.2+7) (build )
# Java VM: Java HotSpot(TM) 64-Bit Server VM (15.0.2+7-27, mixed mode, sharing, tiered, compressed oops, g1 gc, windows-amd64)
# No core dump will be written. Minidumps are not enabled by default on client versions of Windows
#

---------------  S U M M A R Y ------------

Command Line: -Dfile.encoding=UTF-8 -XX:-OmitStackTraceInFastThrow -Dclojure.compile.path=C:\Users\52555\my-bank-app\target\classes -Dmy-bank-app.version=0.1.0-SNAPSHOT -Dclojure.debug=false clojure.main -i C:\Users\52555\AppData\Local\Temp\form-init3351348117052248620.clj

Host: AMD Ryzen 5 3550H with Radeon Vega Mobile Gfx  , 8 cores, 7G,  Windows 10 , 64 bit Build 19041 (10.0.19041.928)
Time: Fri Jun 11 04:09:26 2021 Hora de verano central (México) elapsed time: 0.018522 seconds (0d 0h 0m 0s)

---------------  T H R E A D  ---------------

Current thread (0x000002744f322bd0):  JavaThread "Unknown thread" [_thread_in_vm, id=31868, stack(0x000000e0ffd00000,0x000000e0ffe00000)]

Stack: [0x000000e0ffd00000,0x000000e0ffe00000]
Native frames: (J=compiled Java code, j=interpreted, Vv=VM code, C=native code)
V  [jvm.dll+0x62ae9a]
V  [jvm.dll+0x7817a9]
V  [jvm.dll+0x782f03]
V  [jvm.dll+0x783563]
V  [jvm.dll+0x216325]
V  [jvm.dll+0x6281d9]
V  [jvm.dll+0x61cf55]
V  [jvm.dll+0x2cffdd]
V  [jvm.dll+0x2cfe42]
V  [jvm.dll+0x2d5e1c]
V  [jvm.dll+0x32590a]
V  [jvm.dll+0x324fd4]
V  [jvm.dll+0x2a6f5a]
V  [jvm.dll+0x2a80f8]
V  [jvm.dll+0x75e241]
V  [jvm.dll+0x3341c4]
V  [jvm.dll+0x73e926]
V  [jvm.dll+0x3b7557]
V  [jvm.dll+0x3b8fe1]
C  [jli.dll+0x52fb]
C  [ucrtbase.dll+0x21bb2]
C  [KERNEL32.DLL+0x17034]
C  [ntdll.dll+0x52651]


---------------  P R O C E S S  ---------------

Threads class SMR info:
_java_thread_list=0x00007fff4a634ff0, length=0, elements={
}

Java Threads: ( => current thread )

Other Threads:
  0x000002744f360c50 GCTaskThread "GC Thread#0" [stack: 0x000000e0ffe00000,0x000000e0fff00000] [id=43876]
  0x000002744f371b00 ConcurrentGCThread "G1 Main Marker" [stack: 0x000000e0fff00000,0x000000e100000000] [id=52680]
  0x000002744f373db0 ConcurrentGCThread "G1 Conc#0" [stack: 0x000000e080000000,0x000000e080100000] [id=53160]

[error occurred during error reporting (printing all threads), id 0xc0000005, EXCEPTION_ACCESS_VIOLATION (0xc0000005) at pc=0x00007fff49e27e27]

VM state: not at safepoint (not fully initialized)

VM Mutex/Monitor currently owned by a thread:  ([mutex/lock_event])
[0x000002744f31e310] Heap_lock - owner thread: 0x000002744f322bd0

Heap address: 0x0000000082e00000, size: 2002 MB, Compressed Oops mode: 32-bit
CDS archive(s) mapped at: [0x0000000000000000-0x0000000000000000-0x0000000000000000), size 0, SharedBaseAddress: 0x0000000800000000, ArchiveRelocationMode: 0.
Narrow klass base: 0x0000000000000000, Narrow klass shift: 0, Narrow klass range: 0x0

Heap:
 garbage-first heap   total 129024K, used 0K [0x0000000082e00000, 0x0000000100000000)
  region size 1024K, 0 young (0K), 0 survivors (0K)
 Metaspace       used 0K, capacity 0K, committed 0K, reserved 0K
  class space    used 0K, capacity 0K, committed 0K, reserved 0K

Heap Regions: E=young(eden), S=young(survivor), O=old, HS=humongous(starts), HC=humongous(continues), CS=collection set, F=free, OA=open archive, CA=closed archive, TAMS=top-at-mark-start (previous, next)

Card table byte_map: [0x0000027468bc0000,0x0000027468fb0000] _byte_map_base: 0x00000274687a9000

Marking Bits (Prev, Next): (CMBitMap*) 0x000002744f361350, (CMBitMap*) 0x000002744f361390
 Prev Bits: [0x00000274693a0000, 0x000002746b2e8000)
 Next Bits: [0x000002746b2f0000, 0x000002746d238000)

GC Heap History (0 events):
No events

Deoptimization events (0 events):
No events

Classes unloaded (0 events):
No events

Classes redefined (0 events):
No events

Internal exceptions (0 events):
No events

Events (1 events):
Event: 0.012 Loaded shared library C:\Program Files\Java\jdk-15.0.2\bin\java.dll


Dynamic libraries:
0x00007ff738c80000 - 0x00007ff738c8f000 	C:\Program Files\Java\jdk-15.0.2\bin\java.exe
0x00007fff8e550000 - 0x00007fff8e745000 	C:\WINDOWS\SYSTEM32\ntdll.dll
0x00007fff8db30000 - 0x00007fff8dbed000 	C:\WINDOWS\System32\KERNEL32.DLL
0x00007fff8bc90000 - 0x00007fff8bf58000 	C:\WINDOWS\System32\KERNELBASE.dll
0x00007fff8c1c0000 - 0x00007fff8c2c0000 	C:\WINDOWS\System32\ucrtbase.dll
0x00007fff83dd0000 - 0x00007fff83de9000 	C:\Program Files\Java\jdk-15.0.2\bin\VCRUNTIME140.dll
0x00007fff84300000 - 0x00007fff84318000 	C:\Program Files\Java\jdk-15.0.2\bin\jli.dll
0x00007fff8dea0000 - 0x00007fff8df4c000 	C:\WINDOWS\System32\ADVAPI32.dll
0x00007fff8d580000 - 0x00007fff8d61e000 	C:\WINDOWS\System32\msvcrt.dll
0x00007fff8dbf0000 - 0x00007fff8dc8b000 	C:\WINDOWS\System32\sechost.dll
0x00007fff8e310000 - 0x00007fff8e43b000 	C:\WINDOWS\System32\RPCRT4.dll
0x00007fff8d3e0000 - 0x00007fff8d580000 	C:\WINDOWS\System32\USER32.dll
0x00007fff78010000 - 0x00007fff782aa000 	C:\WINDOWS\WinSxS\amd64_microsoft.windows.common-controls_6595b64144ccf1df_6.0.19041.844_none_ca00b6081b84eb1d\COMCTL32.dll
0x00007fff8c580000 - 0x00007fff8c5a2000 	C:\WINDOWS\System32\win32u.dll
0x00007fff8cf40000 - 0x00007fff8cf6a000 	C:\WINDOWS\System32\GDI32.dll
0x00007fff8c000000 - 0x00007fff8c10b000 	C:\WINDOWS\System32\gdi32full.dll
0x00007fff8bf60000 - 0x00007fff8bffd000 	C:\WINDOWS\System32\msvcp_win.dll
0x00007fff82500000 - 0x00007fff8250a000 	C:\WINDOWS\SYSTEM32\VERSION.dll
0x00007fff8cf10000 - 0x00007fff8cf40000 	C:\WINDOWS\System32\IMM32.DLL
0x00007fff709d0000 - 0x00007fff709dc000 	C:\Program Files\Java\jdk-15.0.2\bin\vcruntime140_1.dll
0x00007fff64350000 - 0x00007fff643e1000 	C:\Program Files\Java\jdk-15.0.2\bin\msvcp140.dll
0x00007fff49b70000 - 0x00007fff4a6ce000 	C:\Program Files\Java\jdk-15.0.2\bin\server\jvm.dll
0x00007fff8de90000 - 0x00007fff8de98000 	C:\WINDOWS\System32\PSAPI.DLL
0x00007fff81910000 - 0x00007fff81937000 	C:\WINDOWS\SYSTEM32\WINMM.dll
0x00007fff7ba10000 - 0x00007fff7ba19000 	C:\WINDOWS\SYSTEM32\WSOCK32.dll
0x00007fff8e4a0000 - 0x00007fff8e50b000 	C:\WINDOWS\System32\WS2_32.dll
0x00007fff89be0000 - 0x00007fff89bf2000 	C:\WINDOWS\SYSTEM32\kernel.appcore.dll
0x00007fff6f5f0000 - 0x00007fff6f5fa000 	C:\Program Files\Java\jdk-15.0.2\bin\jimage.dll
0x00007fff7b190000 - 0x00007fff7b374000 	C:\WINDOWS\SYSTEM32\DBGHELP.DLL
0x00007fff7a060000 - 0x00007fff7a08c000 	C:\WINDOWS\SYSTEM32\dbgcore.DLL
0x00007fff8c2c0000 - 0x00007fff8c340000 	C:\WINDOWS\System32\bcryptPrimitives.dll
0x00007fff641f0000 - 0x00007fff64215000 	C:\Program Files\Java\jdk-15.0.2\bin\java.dll

dbghelp: loaded successfully - version: 4.0.5 - missing functions: none
symbol engine: initialized successfully - sym options: 0x614 - pdb path: .;C:\Program Files\Java\jdk-15.0.2\bin;C:\WINDOWS\SYSTEM32;C:\WINDOWS\WinSxS\amd64_microsoft.windows.common-controls_6595b64144ccf1df_6.0.19041.844_none_ca00b6081b84eb1d;C:\Program Files\Java\jdk-15.0.2\bin\server

VM Arguments:
jvm_args: -Dfile.encoding=UTF-8 -XX:-OmitStackTraceInFastThrow -Dclojure.compile.path=C:\Users\52555\my-bank-app\target\classes -Dmy-bank-app.version=0.1.0-SNAPSHOT -Dclojure.debug=false 
java_command: clojure.main -i C:\Users\52555\AppData\Local\Temp\form-init3351348117052248620.clj
java_class_path (initial): C:\Users\52555\my-bank-app\test;C:\Users\52555\my-bank-app\src;C:\Users\52555\my-bank-app\dev-resources;C:\Users\52555\my-bank-app\resources;C:\Users\52555\my-bank-app\target\classes;C:\Users\52555\.m2\repository\org\clojure\clojure\1.10.1\clojure-1.10.1.jar;C:\Users\52555\.m2\repository\org\clojure\spec.alpha\0.2.176\spec.alpha-0.2.176.jar;C:\Users\52555\.m2\repository\org\clojure\core.specs.alpha\0.2.44\core.specs.alpha-0.2.44.jar;C:\Users\52555\.m2\repository\nrepl\nrepl\0.8.3\nrepl-0.8.3.jar;C:\Users\52555\.m2\repository\clojure-complete\clojure-complete\0.2.5\clojure-complete-0.2.5.jar
Launcher Type: SUN_STANDARD

[Global flags]
     intx CICompilerCount                          = 4                                         {product} {ergonomic}
     uint ConcGCThreads                            = 2                                         {product} {ergonomic}
     uint G1ConcRefinementThreads                  = 8                                         {product} {ergonomic}
   size_t G1HeapRegionSize                         = 1048576                                   {product} {ergonomic}
    uintx GCDrainStackTargetSize                   = 64                                        {product} {ergonomic}
   size_t InitialHeapSize                          = 132120576                                 {product} {ergonomic}
   size_t MarkStackSize                            = 4194304                                   {product} {ergonomic}
   size_t MaxHeapSize                              = 2099249152                                {product} {ergonomic}
   size_t MinHeapDeltaBytes                        = 1048576                                   {product} {ergonomic}
   size_t MinHeapSize                              = 8388608                                   {product} {ergonomic}
    uintx NonNMethodCodeHeapSize                   = 5839372                                {pd product} {ergonomic}
    uintx NonProfiledCodeHeapSize                  = 122909434                              {pd product} {ergonomic}
     bool OmitStackTraceInFastThrow                = false                                     {product} {command line}
    uintx ProfiledCodeHeapSize                     = 122909434                              {pd product} {ergonomic}
    uintx ReservedCodeCacheSize                    = 251658240                              {pd product} {ergonomic}
     bool SegmentedCodeCache                       = true                                      {product} {ergonomic}
   size_t SoftMaxHeapSize                          = 2099249152                             {manageable} {ergonomic}
     bool UseCompressedClassPointers               = true                                 {lp64_product} {ergonomic}
     bool UseCompressedOops                        = true                                 {lp64_product} {ergonomic}
     bool UseG1GC                                  = true                                      {product} {ergonomic}
     bool UseLargePagesIndividualAllocation        = false                                  {pd product} {ergonomic}

Logging:
Log output configuration:
 #0: stdout all=warning uptime,level,tags
 #1: stderr all=off uptime,level,tags

Environment Variables:
CLASSPATH=C:\Users\52555\.lein\self-installs\leiningen-2.9.5-standalone.jar
PATH=C:\Program Files\Common Files\Oracle\Java\javapath;C:\Program Files (x86)\Common Files\Oracle\Java\javapath;C:\WINDOWS\system32;C:\WINDOWS;C:\WINDOWS\System32\Wbem;C:\WINDOWS\System32\WindowsPowerShell\v1.0\;C:\WINDOWS\System32\OpenSSH\;C:\leiningen;C:\Leiningen;C:\Program Files\Git\cmd;C:\Program Files\Git\mingw64\bin;C:\Program Files\Git\usr\bin;C:\Users\52555\AppData\Local\Microsoft\WindowsApps;
USERNAME=52555
OS=Windows_NT
PROCESSOR_IDENTIFIER=AMD64 Family 23 Model 24 Stepping 1, AuthenticAMD



---------------  S Y S T E M  ---------------

OS:
 Windows 10 , 64 bit Build 19041 (10.0.19041.928)
OS uptime: 26 days 14:22 hours

CPU: total 8 (initial active 8) (8 cores per cpu, 2 threads per core) family 23 model 24 stepping 1 microcode 0x0, cmov, cx8, fxsr, mmx, sse, sse2, sse3, ssse3, sse4.1, sse4.2, popcnt, vzeroupper, avx, avx2, aes, clmul, 3dnowpref, lzcnt, sse4a, ht, tsc, tscinvbit, tscinv, bmi1, bmi2, adx, sha, fma, clflush, clflushopt

Memory: 4k page, system-wide physical 8001M (1369M free)
TotalPageFile size 23123M (AvailPageFile size 97M)
current process WorkingSet (physical memory assigned to process): 10M, peak: 10M
current process commit charge ("private bytes"): 60M, peak: 186M

vm_info: Java HotSpot(TM) 64-Bit Server VM (15.0.2+7-27) for windows-amd64 JRE (15.0.2+7-27), built on Dec  7 2020 20:07:01 by "mach5one" with unknown MS VC++:1925

END.
